*------------------------------------------------------------*
* Score Log
Date:                2024年01月07日
Time:                18时35分22秒
*------------------------------------------------------------*
11922  *------------------------------------------------------------*;
11923  * Stat: Scoring DATA data;
11924  *------------------------------------------------------------*;
11925  data EMWS1.Stat_TRAIN
11926  / view=EMWS1.Stat_TRAIN
11927  ;
11928  set EMWS1.FIMPORT_train
11929  ;
11930  run;

NOTE: DATA STEP view saved on file EMWS1.STAT_TRAIN.
NOTE: A stored DATA STEP view cannot run under a different operating system.
NOTE: View EMWS1.FIMPORT_TRAIN.VIEW used (Total process time):
      real time           0.01 seconds
      cpu time            0.01 seconds
      
NOTE: DATA statement used (Total process time):
      real time           0.02 seconds
      cpu time            0.03 seconds
      

11931  quit;

11932  *------------------------------------------------------------*;
11933  * Stat: Computing metadata for TRAIN data;
11934  *------------------------------------------------------------*;

NOTE: View EMWS1.STAT_TRAIN.VIEW used (Total process time):
      real time           0.03 seconds
      cpu time            0.03 seconds
      
NOTE: View EMWS1.STAT_TRAIN.VIEW used (Total process time):
      real time           0.03 seconds
      cpu time            0.03 seconds
      
